<?xml version="1.0" encoding="UTF-8"?>
<!-- Generated by org.testng.reporters.JUnitXMLReporter -->
<testsuite ignored="2" hostname="DESKTOP-H9LEG9B" failures="0" tests="1" name="Loans" time="0.007" errors="0" timestamp="2023-03-31T13:19:14 GMT-08:00">
  <testcase classname="Loans.HomeLoans" name="homeconstruction" time="0.002"/>
  <testcase classname="Loans.HomeLoans" name="homeBuy" time="0.0">
    <ignored/>
  </testcase> <!-- homeBuy -->
  <testcase classname="Loans.HomeLoans" name="homepledge" time="0.0">
    <ignored/>
  </testcase> <!-- homepledge -->
</testsuite> <!-- Loans -->
