<?xml version="1.0" encoding="UTF-8"?>
<!-- Generated by org.testng.reporters.JUnitXMLReporter -->
<testsuite ignored="1" hostname="DESKTOP-H9LEG9B" failures="0" tests="4" name="OpenBankAccount" time="0.082" errors="0" timestamp="2023-03-31T13:19:13 GMT-08:00">
  <testcase classname="OpenBankAccount.CurrentAccount" name="currentAcc" time="0.009"/>
  <testcase classname="OpenBankAccount.ZeroBalance" name="ZeroforStudents" time="0.003"/>
  <testcase classname="OpenBankAccount.SavingsBankAccount" name="savings" time="0.002"/>
  <testcase classname="OpenBankAccount.SallariedAccount" name="salary" time="0.004"/>
  <testcase classname="OpenBankAccount.ZeroBalance" name="ZeroolderPeople" time="0.0">
    <ignored/>
  </testcase> <!-- ZeroolderPeople -->
</testsuite> <!-- OpenBankAccount -->
